(31/8/2011)[11:42:28] Emily_Brown Has Restarted the GameMode (/upload)
(31/8/2011)[11:45:51] Emily_Brown Has Spawned a NRG-500 (522) [515] (Color 1: 0 | Color 2: 1) At His Position.
(31/8/2011)[13:5:44] Emily_Brown Has Restarted the GameMode (/upload)
(31/8/2011)[15:20:33] Emily_Brown Has Spawned a Infernus (411) [519] (Color 1: 1 | Color 2: 1) At His Position.
(31/8/2011)[15:21:17] Emily_Brown [CMD] -> /givepassport 
(31/8/2011)[15:23:25] Emily_Brown Has Changed The Server Weather to 2
(31/8/2011)[19:20:1] Emily_Brown Gave The Control of the faction 4 to [Emily_Brown]
(31/8/2011)[19:20:2] Emily_Brown Gave The Control of the faction 0 to [Emily_Brown]
(31/8/2011)[19:20:3] Emily_Brown Gave The Control of the faction 5 to [Emily_Brown]
(31/8/2011)[19:30:33] Emily_Brown Has Spawned a Infernus (411) [520] (Color 1: 1 | Color 2: 1) At His Position.
(31/8/2011)[19:31:51] Emily_Brown Has Restarted the GameMode (/upload)
(31/8/2011)[19:32:23] Emily_Brown Has Spawned a Infernus (411) [520] (Color 1: 1 | Color 2: 1) At His Position.
(31/8/2011)[19:34:25] Emily_Brown Has Restarted the GameMode (/upload)
(31/8/2011)[19:35:10] Emily_Brown Has Spawned a Infernus (411) [520] (Color 1: 1 | Color 2: 1) At His Position.
(31/8/2011)[19:38:5] Emily_Brown Gave The Control of the faction 1 to [Emily_Brown]
(31/8/2011)[19:39:23] Emily_Brown Has Spawned a NRG-500 (522) [521] (Color 1: 1 | Color 2: 1) At His Position.
(31/8/2011)[19:47:53] Emily_Brown Gave The Control of the faction 4 to [Emily_Brown]
(31/8/2011)[19:56:32] Emily_Brown Gave The Control of the faction 2 to [Emily_Brown]
(31/8/2011)[19:57:17] Emily_Brown Has Changed The Server Weather to 2
(31/8/2011)[19:57:32] Emily_Brown Has Changed The Server Weather to 2
(31/8/2011)[19:59:10] Emily_Brown Has Spawned a Infernus (411) [522] (Color 1: 1 | Color 2: 1) At His Position.
(31/8/2011)[20:12:36] Emily_Brown Has Spawned a Infernus (411) [520] (Color 1: 1 | Color 2: 1) At His Position.
(31/8/2011)[20:23:31] Emily_Brown Has Spawned a Infernus (411) [520] (Color 1: 1 | Color 2: 1) At His Position.
(1/9/2011)[8:12:17] Emily_Brown Has Spawned a Infernus (411) [520] (Color 1: 1 | Color 2: 1) At His Position.
(1/9/2011)[8:17:7] Emily_Brown Has Spawned a Infernus (411) [521] (Color 1: 1 | Color 2: 1) At His Position.
