(31/8/2011)[11:52:46] Emily_Brown [CMD] -> /stats
(31/8/2011)[11:53:35] Emily_Brown [CMD] -> /engine
(31/8/2011)[11:53:43] Emily_Brown [CMD] -> /startwest
(31/8/2011)[12:31:53] Emily_Brown [CMD] -> /help
(31/8/2011)[12:54:13] Emily_Brown [CMD] -> /engine
(31/8/2011)[12:55:22] Emily_Brown [CMD] -> /engine
(31/8/2011)[12:56:25] Emily_Brown [CMD] -> /engine
(31/8/2011)[12:57:46] Emily_Brown [CMD] -> /engine
(31/8/2011)[12:57:47] Emily_Brown [CMD] -> /engine
(31/8/2011)[15:21:23] Emily_Brown [CMD] -> /buydriving
(31/8/2011)[15:21:28] Emily_Brown [CMD] -> /buyflying
(31/8/2011)[15:21:33] Emily_Brown [CMD] -> /buysailing
(31/8/2011)[15:22:49] Emily_Brown [CMD] -> /engine
(31/8/2011)[15:25:8] Emily_Brown [CMD] -> /enter
(31/8/2011)[15:25:10] Emily_Brown [CMD] -> /buy
(31/8/2011)[15:25:15] Emily_Brown [CMD] -> /exit
(31/8/2011)[15:25:21] Emily_Brown [CMD] -> /speedo
(31/8/2011)[15:28:28] Emily_Brown [CMD] -> /stats
(31/8/2011)[19:17:59] Emily_Brown [CMD] -> /enter
(31/8/2011)[19:18:2] Emily_Brown [CMD] -> /exit
(31/8/2011)[19:18:17] Emily_Brown [CMD] -> /engine
(31/8/2011)[19:18:18] Emily_Brown [CMD] -> /engine
(31/8/2011)[19:20:7] Emily_Brown [CMD] -> /engine
(31/8/2011)[19:22:6] Emily_Brown [CMD] -> /enter
(31/8/2011)[19:22:9] Emily_Brown [CMD] -> /enter
(31/8/2011)[19:22:14] Emily_Brown [CMD] -> /enter
(31/8/2011)[19:30:50] Emily_Brown [CMD] -> /enter
(31/8/2011)[19:30:52] Emily_Brown [CMD] -> /enter
(31/8/2011)[19:30:56] Emily_Brown [CMD] -> /enter
(31/8/2011)[19:32:29] Emily_Brown [CMD] -> /enter
(31/8/2011)[19:35:17] Emily_Brown [CMD] -> /enter
(31/8/2011)[19:37:42] Emily_Brown [CMD] -> /enter
(31/8/2011)[19:38:16] Emily_Brown Has Checked Emily_Brown's Speed
(31/8/2011)[19:38:21] Emily_Brown Has Checked Emily_Brown's Speed
(31/8/2011)[19:38:25] Emily_Brown Has Checked Emily_Brown's Speed
(31/8/2011)[19:38:41] Emily_Brown Has Checked Emily_Brown's Speed
(31/8/2011)[19:39:0] Emily_Brown Has Checked Emily_Brown's Speed
(31/8/2011)[19:39:12] Emily_Brown Has Checked Emily_Brown's Speed
(31/8/2011)[19:42:39] Emily_Brown [CMD] -> /removeroadblock
(31/8/2011)[19:45:12] Emily_Brown [CMD] -> /removeroadblockall
(31/8/2011)[19:45:44] Emily_Brown [CMD] -> /removeroadblockall
(31/8/2011)[19:46:21] Emily_Brown [CMD] -> /removeroadblockall
(31/8/2011)[19:46:49] Emily_Brown [CMD] -> /buy
(31/8/2011)[19:47:56] Emily_Brown [CMD] -> /duty
(31/8/2011)[19:48:7] Emily_Brown [CMD] -> /help
(31/8/2011)[19:52:30] Emily_Brown [CMD] -> /engine
(31/8/2011)[19:52:34] Emily_Brown [CMD] -> /startwest
(31/8/2011)[20:5:11] Emily_Brown [CMD] -> /engine
(31/8/2011)[20:5:21] Emily_Brown [CMD] -> /engine
(31/8/2011)[20:5:32] Emily_Brown [CMD] -> /engine
(31/8/2011)[20:5:43] Emily_Brown [CMD] -> /engine
(31/8/2011)[20:5:54] Emily_Brown [CMD] -> /engine
(31/8/2011)[20:6:6] Emily_Brown [CMD] -> /engine
(31/8/2011)[20:6:17] Emily_Brown [CMD] -> /enter
(31/8/2011)[20:6:27] Emily_Brown [CMD] -> /engine
(31/8/2011)[20:14:56] Emily_Brown [CMD] -> /rentcar
(31/8/2011)[20:15:26] Emily_Brown [CMD] -> /unrentcar
(31/8/2011)[20:15:36] Emily_Brown [CMD] -> /rentcar
(31/8/2011)[20:24:31] Emily_Brown [CMD] -> /rentcar
(1/9/2011)[8:12:2] Emily_Brown [CMD] -> /rentcar
